#
# There is insufficient memory for the Java Runtime Environment to continue.
# Native memory allocation (malloc) failed to allocate 65552 bytes for Chunk::new
# Possible reasons:
#   The system is out of physical RAM or swap space
#   The process is running with CompressedOops enabled, and the Java Heap may be blocking the growth of the native heap
# Possible solutions:
#   Reduce memory load on the system
#   Increase physical memory or swap space
#   Check if swap backing store is full
#   Decrease Java heap size (-Xmx/-Xms)
#   Decrease number of Java threads
#   Decrease Java thread stack sizes (-Xss)
#   Set larger code cache with -XX:ReservedCodeCacheSize=
#   JVM is running with Zero Based Compressed Oops mode in which the Java heap is
#     placed in the first 32GB address space. The Java Heap base address is the
#     maximum limit for the native heap growth. Please use -XX:HeapBaseMinAddress
#     to set the Java Heap base and to place the Java Heap above 32GB virtual address.
# This output file may be truncated or incomplete.
#
#  Out of Memory Error (arena.cpp:184), pid=1828, tid=19316
#
# JRE version: OpenJDK Runtime Environment (20.0.1+9) (build 20.0.1+9-29)
# Java VM: OpenJDK 64-Bit Server VM (20.0.1+9-29, mixed mode, sharing, tiered, compressed oops, compressed class ptrs, g1 gc, windows-amd64)
# No core dump will be written. Minidumps are not enabled by default on client versions of Windows
#

---------------  S U M M A R Y ------------

Command Line: -javaagent:C:\Program Files\JetBrains\IntelliJ IDEA Community Edition 2023.2\lib\idea_rt.jar=59354:C:\Program Files\JetBrains\IntelliJ IDEA Community Edition 2023.2\bin -Dfile.encoding=windows-1252 -Dsun.stdout.encoding=windows-1252 -Dsun.stderr.encoding=windows-1252 com.example.BidBackend.BidBackendApplication

Host: 11th Gen Intel(R) Core(TM) i3-1115G4 @ 3.00GHz, 4 cores, 11G,  Windows 11 , 64 bit Build 22621 (10.0.22621.3374)
Time: Sat May 11 21:57:22 2024 Paris, Madrid (heure duild 22621 (10.0.22621.3374) elapsed time: 18.569716 seconds (0d 0h 0m 18s)

---------------  T H R E A D  ---------------

Current thread (0x000001a7ce13f020):  JavaThread "C2 CompilerThread0" daemon [_thread_in_native, id=19316, stack(0x000000013c300000,0x000000013c400000)]


Current CompileTask:
C2:  18569 8872       4       org.springframework.core.ResolvableType::forType (115 bytes)

Stack: [0x000000013c300000,0x000000013c400000]
Native frames: (J=compiled Java code, j=interpreted, Vv=VM code, C=native code)
V  [jvm.dll+0x6bb95a]
V  [jvm.dll+0x8485fa]
V  [jvm.dll+0x84a1f5]
V  [jvm.dll+0x84a8f3]
V  [jvm.dll+0x280b0f]
V  [jvm.dll+0xc2b11]
V  [jvm.dll+0xc2e35]
V  [jvm.dll+0xc2c34]
V  [jvm.dll+0x6deb5a]
V  [jvm.dll+0x24c637]
V  [jvm.dll+0x24a549]
V  [jvm.dll+0x1ce491]
V  [jvm.dll+0x259e1b]
V  [jvm.dll+0x2584f0]
V  [jvm.dll+0x3f2895]
V  [jvm.dll+0x7f4b56]
V  [jvm.dll+0x6ba5cb]
C  [ucrtbase.dll+0x29333]
C  [KERNEL32.DLL+0x1257d]
C  [ntdll.dll+0x5aa48]


---------------  P R O C E S S  ---------------

Threads class SMR info:
_java_thread_list=0x000001a7d2eb3620, length=31, elements={
0x000001a7ce1370f0, 0x000001a7ce138180, 0x000001a7ce139210, 0x000001a7ce13ae50,
0x000001a7ce13d890, 0x000001a7ce13e2c0, 0x000001a7ce13f020, 0x000001a7ce144ba0,
0x000001a7ce0fe540, 0x000001a7d26f0710, 0x000001a7d26f0c60, 0x000001a7d34e04a0,
0x000001a7d34dfa00, 0x000001a7d34e0f40, 0x000001a7d34def60, 0x000001a7d34e09f0,
0x000001a7d34e19e0, 0x000001a7d63324d0, 0x000001a7d6333a10, 0x000001a7d63354a0,
0x000001a7d6332a20, 0x000001a7d63359f0, 0x000001a7d63334c0, 0x000001a7d6332f70,
0x000001a7d6333f60, 0x000001a7d632dfc0, 0x000001a7d632fa50, 0x000001a7d632ea60,
0x000001a7d63344b0, 0x000001a7d6334a00, 0x000001a7d63314e0
}

Java Threads: ( => current thread )
  0x000001a7ce1370f0 JavaThread "Reference Handler" daemon [_thread_blocked, id=11320, stack(0x000000013bd00000,0x000000013be00000)]
  0x000001a7ce138180 JavaThread "Finalizer" daemon [_thread_blocked, id=12320, stack(0x000000013be00000,0x000000013bf00000)]
  0x000001a7ce139210 JavaThread "Signal Dispatcher" daemon [_thread_blocked, id=1940, stack(0x000000013bf00000,0x000000013c000000)]
  0x000001a7ce13ae50 JavaThread "Attach Listener" daemon [_thread_blocked, id=17340, stack(0x000000013c000000,0x000000013c100000)]
  0x000001a7ce13d890 JavaThread "Service Thread" daemon [_thread_blocked, id=3976, stack(0x000000013c100000,0x000000013c200000)]
  0x000001a7ce13e2c0 JavaThread "Monitor Deflation Thread" daemon [_thread_blocked, id=19936, stack(0x000000013c200000,0x000000013c300000)]
=>0x000001a7ce13f020 JavaThread "C2 CompilerThread0" daemon [_thread_in_native, id=19316, stack(0x000000013c300000,0x000000013c400000)]
  0x000001a7ce144ba0 JavaThread "C1 CompilerThread0" daemon [_thread_blocked, id=17224, stack(0x000000013c400000,0x000000013c500000)]
  0x000001a7ce0fe540 JavaThread "Common-Cleaner" daemon [_thread_blocked, id=17884, stack(0x000000013c500000,0x000000013c600000)]
  0x000001a7d26f0710 JavaThread "Monitor Ctrl-Break" daemon [_thread_in_native, id=16264, stack(0x000000013c700000,0x000000013c800000)]
  0x000001a7d26f0c60 JavaThread "Notification Thread" daemon [_thread_blocked, id=256, stack(0x000000013c800000,0x000000013c900000)]
  0x000001a7d34e04a0 JavaThread "Catalina-utility-1" [_thread_blocked, id=18480, stack(0x000000013c600000,0x000000013c700000)]
  0x000001a7d34dfa00 JavaThread "Catalina-utility-2" [_thread_blocked, id=19532, stack(0x000000013cf00000,0x000000013d000000)]
  0x000001a7d34e0f40 JavaThread "container-0" [_thread_blocked, id=10408, stack(0x000000013d000000,0x000000013d100000)]
  0x000001a7d34def60 JavaThread "mysql-cj-abandoned-connection-cleanup" daemon [_thread_blocked, id=10932, stack(0x000000013d100000,0x000000013d200000)]
  0x000001a7d34e09f0 JavaThread "HikariPool-1 housekeeper" daemon [_thread_blocked, id=8672, stack(0x000000013d300000,0x000000013d400000)]
  0x000001a7d34e19e0 JavaThread "File Watcher" daemon [_thread_blocked, id=8868, stack(0x000000013d500000,0x000000013d600000)]
  0x000001a7d63324d0 JavaThread "http-nio-3002-exec-1" daemon [_thread_blocked, id=18644, stack(0x000000013d600000,0x000000013d700000)]
  0x000001a7d6333a10 JavaThread "http-nio-3002-exec-2" daemon [_thread_blocked, id=13728, stack(0x000000013d700000,0x000000013d800000)]
  0x000001a7d63354a0 JavaThread "http-nio-3002-exec-3" daemon [_thread_blocked, id=19608, stack(0x000000013d800000,0x000000013d900000)]
  0x000001a7d6332a20 JavaThread "http-nio-3002-exec-4" daemon [_thread_blocked, id=13556, stack(0x000000013d900000,0x000000013da00000)]
  0x000001a7d63359f0 JavaThread "http-nio-3002-exec-5" daemon [_thread_blocked, id=15684, stack(0x000000013da00000,0x000000013db00000)]
  0x000001a7d63334c0 JavaThread "http-nio-3002-exec-6" daemon [_thread_blocked, id=19640, stack(0x000000013db00000,0x000000013dc00000)]
  0x000001a7d6332f70 JavaThread "http-nio-3002-exec-7" daemon [_thread_blocked, id=20456, stack(0x000000013dc00000,0x000000013dd00000)]
  0x000001a7d6333f60 JavaThread "http-nio-3002-exec-8" daemon [_thread_blocked, id=7324, stack(0x000000013dd00000,0x000000013de00000)]
  0x000001a7d632dfc0 JavaThread "http-nio-3002-exec-9" daemon [_thread_blocked, id=4024, stack(0x000000013de00000,0x000000013df00000)]
  0x000001a7d632fa50 JavaThread "http-nio-3002-exec-10" daemon [_thread_blocked, id=18016, stack(0x000000013df00000,0x000000013e000000)]
  0x000001a7d632ea60 JavaThread "http-nio-3002-Poller" daemon [_thread_in_native, id=18328, stack(0x000000013e000000,0x000000013e100000)]
  0x000001a7d63344b0 JavaThread "http-nio-3002-Acceptor" daemon [_thread_in_native, id=3848, stack(0x000000013e100000,0x000000013e200000)]
  0x000001a7d6334a00 JavaThread "DestroyJavaVM" [_thread_blocked, id=10404, stack(0x000000013b600000,0x000000013b700000)]
  0x000001a7d63314e0 JavaThread "HikariPool-1 connection adder" daemon [_thread_blocked, id=100, stack(0x000000013cd00000,0x000000013ce00000)]

Other Threads:
  0x000001a7ce1148e0 VMThread "VM Thread" [stack: 0x000000013bc00000,0x000000013bd00000] [id=18508]
  0x000001a7d26f1440 WatcherThread "VM Periodic Task Thread" [stack: 0x000000013c900000,0x000000013ca00000] [id=7612]
  0x000001a7b0bac440 WorkerThread "GC Thread#0" [stack: 0x000000013b700000,0x000000013b800000] [id=18788]
  0x000001a7d2af06b0 WorkerThread "GC Thread#1" [stack: 0x000000013ca00000,0x000000013cb00000] [id=19432]
  0x000001a7d2b03cf0 WorkerThread "GC Thread#2" [stack: 0x000000013cb00000,0x000000013cc00000] [id=10552]
  0x000001a7d2b03fc0 WorkerThread "GC Thread#3" [stack: 0x000000013cc00000,0x000000013cd00000] [id=2180]
  0x000001a7b0bb8f10 ConcurrentGCThread "G1 Main Marker" [stack: 0x000000013b800000,0x000000013b900000] [id=16664]
  0x000001a7b0bb9940 WorkerThread "G1 Conc#0" [stack: 0x000000013b900000,0x000000013ba00000] [id=19244]
  0x000001a7b0bfdfa0 ConcurrentGCThread "G1 Refine#0" [stack: 0x000000013ba00000,0x000000013bb00000] [id=17184]
  0x000001a7b0bfea40 ConcurrentGCThread "G1 Service" [stack: 0x000000013bb00000,0x000000013bc00000] [id=19028]

Threads with active compile tasks:
C2 CompilerThread0    18596 8872       4       org.springframework.core.ResolvableType::forType (115 bytes)

VM state: not at safepoint (normal execution)

VM Mutex/Monitor currently owned by a thread: None

Heap address: 0x0000000744400000, size: 3004 MB, Compressed Oops mode: Zero based, Oop shift amount: 3

CDS archive(s) mapped at: [0x0000000800000000-0x0000000800c60000-0x0000000800c60000), size 12976128, SharedBaseAddress: 0x0000000800000000, ArchiveRelocationMode: 0.
Compressed class space mapped at: 0x0000000801000000-0x0000000841000000, reserved size: 1073741824
Narrow klass base: 0x0000000800000000, Narrow klass shift: 0, Narrow klass range: 0x100000000

GC Precious Log:
 CardTable entry size: 512
 Card Set container configuration: InlinePtr #cards 4 size 8 Array Of Cards #cards 16 size 48 Howl #buckets 8 coarsen threshold 3686 Howl Bitmap #cards 512 size 80 coarsen threshold 460 Card regions per heap region 1 cards per card region 4096
 CPUs: 4 total, 4 available
 Memory: 12010M
 Large Page Support: Disabled
 NUMA Support: Disabled
 Compressed Oops: Enabled (Zero based)
 Heap Region Size: 2M
 Heap Min Capacity: 8M
 Heap Initial Capacity: 188M
 Heap Max Capacity: 3004M
 Pre-touch: Disabled
 Parallel Workers: 4
 Concurrent Workers: 1
 Concurrent Refinement Workers: 4
 Periodic GC: Disabled

Heap:
 garbage-first heap   total 59392K, used 41916K [0x0000000744400000, 0x0000000800000000)
  region size 2048K, 8 young (16384K), 2 survivors (4096K)
 Metaspace       used 65308K, committed 65920K, reserved 1114112K
  class space    used 8436K, committed 8704K, reserved 1048576K

Heap Regions: E=young(eden), S=young(survivor), O=old, HS=humongous(starts), HC=humongous(continues), CS=collection set, F=free, OA=open archive, CA=closed archive, TAMS=top-at-mark-start, PB=parsable bottom
|   0|0x0000000744400000, 0x0000000744600000, 0x0000000744600000|100%| O|  |TAMS 0x0000000744400000| PB 0x0000000744400000| Untracked 
|   1|0x0000000744600000, 0x0000000744800000, 0x0000000744800000|100%| O|  |TAMS 0x0000000744600000| PB 0x0000000744600000| Untracked 
|   2|0x0000000744800000, 0x00000007449dba00, 0x0000000744a00000| 92%| O|  |TAMS 0x0000000744800000| PB 0x0000000744800000| Untracked 
|   3|0x0000000744a00000, 0x0000000744c00000, 0x0000000744c00000|100%| O|  |TAMS 0x0000000744a00000| PB 0x0000000744a00000| Untracked 
|   4|0x0000000744c00000, 0x0000000744e00000, 0x0000000744e00000|100%| O|  |TAMS 0x0000000744c00000| PB 0x0000000744c00000| Untracked 
|   5|0x0000000744e00000, 0x0000000745000000, 0x0000000745000000|100%| O|  |TAMS 0x0000000744e00000| PB 0x0000000744e00000| Untracked 
|   6|0x0000000745000000, 0x0000000745200000, 0x0000000745200000|100%| O|  |TAMS 0x0000000745000000| PB 0x0000000745000000| Untracked 
|   7|0x0000000745200000, 0x0000000745400000, 0x0000000745400000|100%| O|  |TAMS 0x0000000745200000| PB 0x0000000745200000| Untracked 
|   8|0x0000000745400000, 0x0000000745400000, 0x0000000745600000|  0%| F|  |TAMS 0x0000000745400000| PB 0x0000000745400000| Untracked 
|   9|0x0000000745600000, 0x0000000745800000, 0x0000000745800000|100%| O|  |TAMS 0x0000000745600000| PB 0x0000000745600000| Untracked 
|  10|0x0000000745800000, 0x0000000745a00000, 0x0000000745a00000|100%| O|  |TAMS 0x0000000745800000| PB 0x0000000745800000| Untracked 
|  11|0x0000000745a00000, 0x0000000745c00000, 0x0000000745c00000|100%| O|  |TAMS 0x0000000745a00000| PB 0x0000000745a00000| Untracked 
|  12|0x0000000745c00000, 0x0000000745e00000, 0x0000000745e00000|100%| O|  |TAMS 0x0000000745c00000| PB 0x0000000745c00000| Untracked 
|  13|0x0000000745e00000, 0x0000000746000000, 0x0000000746000000|100%| O|  |TAMS 0x0000000745e00000| PB 0x0000000745e00000| Untracked 
|  14|0x0000000746000000, 0x0000000746200000, 0x0000000746200000|100%| O|  |TAMS 0x0000000746000000| PB 0x0000000746000000| Untracked 
|  15|0x0000000746200000, 0x000000074625fe00, 0x0000000746400000| 18%| O|  |TAMS 0x0000000746200000| PB 0x0000000746200000| Untracked 
|  16|0x0000000746400000, 0x00000007464b3910, 0x0000000746600000| 35%| S|CS|TAMS 0x0000000746400000| PB 0x0000000746400000| Complete 
|  17|0x0000000746600000, 0x0000000746800000, 0x0000000746800000|100%| S|CS|TAMS 0x0000000746600000| PB 0x0000000746600000| Complete 
|  18|0x0000000746800000, 0x0000000746800000, 0x0000000746a00000|  0%| F|  |TAMS 0x0000000746800000| PB 0x0000000746800000| Untracked 
|  19|0x0000000746a00000, 0x0000000746a00000, 0x0000000746c00000|  0%| F|  |TAMS 0x0000000746a00000| PB 0x0000000746a00000| Untracked 
|  20|0x0000000746c00000, 0x0000000746c00000, 0x0000000746e00000|  0%| F|  |TAMS 0x0000000746c00000| PB 0x0000000746c00000| Untracked 
|  21|0x0000000746e00000, 0x0000000746e00000, 0x0000000747000000|  0%| F|  |TAMS 0x0000000746e00000| PB 0x0000000746e00000| Untracked 
|  22|0x0000000747000000, 0x0000000747000000, 0x0000000747200000|  0%| F|  |TAMS 0x0000000747000000| PB 0x0000000747000000| Untracked 
|  23|0x0000000747200000, 0x00000007472c8cd8, 0x0000000747400000| 39%| E|  |TAMS 0x0000000747200000| PB 0x0000000747200000| Complete 
|  63|0x000000074c200000, 0x000000074c400000, 0x000000074c400000|100%| E|CS|TAMS 0x000000074c200000| PB 0x000000074c200000| Complete 
|  64|0x000000074c400000, 0x000000074c600000, 0x000000074c600000|100%| E|CS|TAMS 0x000000074c400000| PB 0x000000074c400000| Complete 
|  65|0x000000074c600000, 0x000000074c800000, 0x000000074c800000|100%| E|CS|TAMS 0x000000074c600000| PB 0x000000074c600000| Complete 
|  66|0x000000074c800000, 0x000000074ca00000, 0x000000074ca00000|100%| E|CS|TAMS 0x000000074c800000| PB 0x000000074c800000| Complete 
|  93|0x000000074fe00000, 0x0000000750000000, 0x0000000750000000|100%| E|CS|TAMS 0x000000074fe00000| PB 0x000000074fe00000| Complete 

Card table byte_map: [0x000001a7c81d0000,0x000001a7c87b0000] _byte_map_base: 0x000001a7c47ae000

Marking Bits: (CMBitMap*) 0x000001a7b0baca70
 Bits: [0x000001a7c8d90000, 0x000001a7cbc80000)

Polling page: 0x000001a7b0300000

Metaspace:

Usage:
  Non-class:     55.54 MB used.
      Class:      8.24 MB used.
       Both:     63.78 MB used.

Virtual space:
  Non-class space:       64.00 MB reserved,      55.88 MB ( 87%) committed,  1 nodes.
      Class space:        1.00 GB reserved,       8.50 MB ( <1%) committed,  1 nodes.
             Both:        1.06 GB reserved,      64.38 MB (  6%) committed. 

Chunk freelists:
   Non-Class:  3.98 MB
       Class:  3.50 MB
        Both:  7.49 MB

MaxMetaspaceSize: unlimited
CompressedClassSpaceSize: 1.00 GB
Initial GC threshold: 21.00 MB
Current GC threshold: 98.12 MB
CDS: on
MetaspaceReclaimPolicy: balanced
 - commit_granule_bytes: 65536.
 - commit_granule_words: 8192.
 - virtual_space_node_default_size: 8388608.
 - enlarge_chunks_in_place: 1.
 - new_chunks_are_fully_committed: 0.
 - uncommit_free_chunks: 1.
 - use_allocation_guard: 0.


Internal statistics:

num_allocs_failed_limit: 9.
num_arena_births: 760.
num_arena_deaths: 0.
num_vsnodes_births: 2.
num_vsnodes_deaths: 0.
num_space_committed: 1030.
num_space_uncommitted: 0.
num_chunks_returned_to_freelist: 9.
num_chunks_taken_from_freelist: 3124.
num_chunk_merges: 9.
num_chunk_splits: 2253.
num_chunks_enlarged: 1823.
num_inconsistent_stats: 0.

CodeHeap 'non-profiled nmethods': size=120000Kb used=4418Kb max_used=4418Kb free=115581Kb
 bounds [0x000001a7c06c0000, 0x000001a7c0b20000, 0x000001a7c7bf0000]
CodeHeap 'profiled nmethods': size=120000Kb used=16556Kb max_used=16556Kb free=103443Kb
 bounds [0x000001a7b8bf0000, 0x000001a7b9c20000, 0x000001a7c0120000]
CodeHeap 'non-nmethods': size=5760Kb used=1840Kb max_used=1873Kb free=3920Kb
 bounds [0x000001a7c0120000, 0x000001a7c0390000, 0x000001a7c06c0000]
 total_blobs=8894 nmethods=8229 adapters=573
 compilation: enabled
              stopped_count=0, restarted_count=0
 full_count=0

Compilation events (20 events):
Event: 18.559 Thread 0x000001a7ce144ba0 8912       3       org.apache.tomcat.util.buf.MessageBytes::equals (78 bytes)
Event: 18.559 Thread 0x000001a7ce144ba0 nmethod 8912 0x000001a7b9c16a10 code [0x000001a7b9c16be0, 0x000001a7b9c16f70]
Event: 18.559 Thread 0x000001a7ce144ba0 8913       3       org.apache.tomcat.util.net.NioEndpoint::access$100 (4 bytes)
Event: 18.560 Thread 0x000001a7ce144ba0 nmethod 8913 0x000001a7b9c17090 code [0x000001a7b9c17220, 0x000001a7b9c17318]
Event: 18.563 Thread 0x000001a7ce144ba0 8914       3       org.hibernate.internal.util.collections.IdentityMap$$Lambda$1315/0x0000000801870450::accept (13 bytes)
Event: 18.563 Thread 0x000001a7ce144ba0 nmethod 8914 0x000001a7b9c17390 code [0x000001a7b9c17540, 0x000001a7b9c17888]
Event: 18.563 Thread 0x000001a7ce144ba0 8915       3       org.hibernate.internal.util.collections.IdentityMap::lambda$onEachKey$0 (11 bytes)
Event: 18.563 Thread 0x000001a7ce144ba0 nmethod 8915 0x000001a7b9c17a10 code [0x000001a7b9c17ba0, 0x000001a7b9c17d68]
Event: 18.563 Thread 0x000001a7ce144ba0 8916       3       org.apache.catalina.connector.OutputBuffer::isBlocking (16 bytes)
Event: 18.563 Thread 0x000001a7ce144ba0 nmethod 8916 0x000001a7b9c17e90 code [0x000001a7b9c18020, 0x000001a7b9c181b8]
Event: 18.563 Thread 0x000001a7ce144ba0 8918       3       org.apache.catalina.connector.OutputBuffer::flush (6 bytes)
Event: 18.563 Thread 0x000001a7ce144ba0 nmethod 8918 0x000001a7b9c18290 code [0x000001a7b9c18420, 0x000001a7b9c18578]
Event: 18.563 Thread 0x000001a7ce144ba0 8917       3       org.apache.catalina.connector.OutputBuffer::clear (10 bytes)
Event: 18.563 Thread 0x000001a7ce144ba0 nmethod 8917 0x000001a7b9c18610 code [0x000001a7b9c187c0, 0x000001a7b9c18a50]
Event: 18.563 Thread 0x000001a7ce144ba0 8919       3       org.apache.catalina.core.ContainerBase::getAccessLog (108 bytes)
Event: 18.564 Thread 0x000001a7ce144ba0 nmethod 8919 0x000001a7b9c18b90 code [0x000001a7b9c18da0, 0x000001a7b9c19658]
Event: 18.564 Thread 0x000001a7ce144ba0 8920       3       org.apache.catalina.connector.Request::getDiscardFacades (19 bytes)
Event: 18.564 Thread 0x000001a7ce144ba0 nmethod 8920 0x000001a7b9c19890 code [0x000001a7b9c19a20, 0x000001a7b9c19c78]
Event: 18.564 Thread 0x000001a7ce144ba0 8921       3       org.apache.coyote.AbstractProtocol::getKeepAliveTimeout (8 bytes)
Event: 18.564 Thread 0x000001a7ce144ba0 nmethod 8921 0x000001a7b9c19d90 code [0x000001a7b9c19f40, 0x000001a7b9c1a338]

GC Heap History (20 events):
Event: 10.814 GC heap before
{Heap before GC invocations=9 (full 0):
 garbage-first heap   total 55296K, used 41984K [0x0000000744400000, 0x0000000800000000)
  region size 2048K, 13 young (26624K), 1 survivors (2048K)
 Metaspace       used 43114K, committed 43520K, reserved 1114112K
  class space    used 5599K, committed 5760K, reserved 1048576K
}
Event: 10.820 GC heap after
{Heap after GC invocations=10 (full 0):
 garbage-first heap   total 55296K, used 22045K [0x0000000744400000, 0x0000000800000000)
  region size 2048K, 2 young (4096K), 2 survivors (4096K)
 Metaspace       used 43114K, committed 43520K, reserved 1114112K
  class space    used 5599K, committed 5760K, reserved 1048576K
}
Event: 11.836 GC heap before
{Heap before GC invocations=10 (full 0):
 garbage-first heap   total 55296K, used 44573K [0x0000000744400000, 0x0000000800000000)
  region size 2048K, 14 young (28672K), 2 survivors (4096K)
 Metaspace       used 47496K, committed 47808K, reserved 1114112K
  class space    used 6268K, committed 6400K, reserved 1048576K
}
Event: 11.844 GC heap after
{Heap after GC invocations=11 (full 0):
 garbage-first heap   total 55296K, used 22799K [0x0000000744400000, 0x0000000800000000)
  region size 2048K, 1 young (2048K), 1 survivors (2048K)
 Metaspace       used 47496K, committed 47808K, reserved 1114112K
  class space    used 6268K, committed 6400K, reserved 1048576K
}
Event: 12.887 GC heap before
{Heap before GC invocations=11 (full 0):
 garbage-first heap   total 55296K, used 43279K [0x0000000744400000, 0x0000000800000000)
  region size 2048K, 12 young (24576K), 1 survivors (2048K)
 Metaspace       used 52258K, committed 52736K, reserved 1114112K
  class space    used 6850K, committed 7104K, reserved 1048576K
}
Event: 12.891 GC heap after
{Heap after GC invocations=12 (full 0):
 garbage-first heap   total 55296K, used 24458K [0x0000000744400000, 0x0000000800000000)
  region size 2048K, 2 young (4096K), 2 survivors (4096K)
 Metaspace       used 52258K, committed 52736K, reserved 1114112K
  class space    used 6850K, committed 7104K, reserved 1048576K
}
Event: 13.214 GC heap before
{Heap before GC invocations=12 (full 0):
 garbage-first heap   total 55296K, used 44938K [0x0000000744400000, 0x0000000800000000)
  region size 2048K, 12 young (24576K), 2 survivors (4096K)
 Metaspace       used 53575K, committed 54016K, reserved 1114112K
  class space    used 7023K, committed 7232K, reserved 1048576K
}
Event: 13.219 GC heap after
{Heap after GC invocations=13 (full 0):
 garbage-first heap   total 55296K, used 25664K [0x0000000744400000, 0x0000000800000000)
  region size 2048K, 2 young (4096K), 2 survivors (4096K)
 Metaspace       used 53575K, committed 54016K, reserved 1114112K
  class space    used 7023K, committed 7232K, reserved 1048576K
}
Event: 13.624 GC heap before
{Heap before GC invocations=13 (full 0):
 garbage-first heap   total 55296K, used 42048K [0x0000000744400000, 0x0000000800000000)
  region size 2048K, 11 young (22528K), 2 survivors (4096K)
 Metaspace       used 55579K, committed 56064K, reserved 1114112K
  class space    used 7269K, committed 7488K, reserved 1048576K
}
Event: 13.628 GC heap after
{Heap after GC invocations=14 (full 0):
 garbage-first heap   total 55296K, used 26474K [0x0000000744400000, 0x0000000800000000)
  region size 2048K, 1 young (2048K), 1 survivors (2048K)
 Metaspace       used 55579K, committed 56064K, reserved 1114112K
  class space    used 7269K, committed 7488K, reserved 1048576K
}
Event: 13.887 GC heap before
{Heap before GC invocations=14 (full 0):
 garbage-first heap   total 55296K, used 49002K [0x0000000744400000, 0x0000000800000000)
  region size 2048K, 12 young (24576K), 1 survivors (2048K)
 Metaspace       used 56156K, committed 56576K, reserved 1114112K
  class space    used 7310K, committed 7488K, reserved 1048576K
}
Event: 13.891 GC heap after
{Heap after GC invocations=15 (full 0):
 garbage-first heap   total 55296K, used 27159K [0x0000000744400000, 0x0000000800000000)
  region size 2048K, 2 young (4096K), 2 survivors (4096K)
 Metaspace       used 56156K, committed 56576K, reserved 1114112K
  class space    used 7310K, committed 7488K, reserved 1048576K
}
Event: 14.477 GC heap before
{Heap before GC invocations=15 (full 0):
 garbage-first heap   total 55296K, used 45591K [0x0000000744400000, 0x0000000800000000)
  region size 2048K, 11 young (22528K), 2 survivors (4096K)
 Metaspace       used 58633K, committed 59072K, reserved 1114112K
  class space    used 7656K, committed 7872K, reserved 1048576K
}
Event: 14.482 GC heap after
{Heap after GC invocations=16 (full 0):
 garbage-first heap   total 55296K, used 28550K [0x0000000744400000, 0x0000000800000000)
  region size 2048K, 2 young (4096K), 2 survivors (4096K)
 Metaspace       used 58633K, committed 59072K, reserved 1114112K
  class space    used 7656K, committed 7872K, reserved 1048576K
}
Event: 14.715 GC heap before
{Heap before GC invocations=16 (full 0):
 garbage-first heap   total 55296K, used 34694K [0x0000000744400000, 0x0000000800000000)
  region size 2048K, 6 young (12288K), 2 survivors (4096K)
 Metaspace       used 59649K, committed 60096K, reserved 1114112K
  class space    used 7791K, committed 8000K, reserved 1048576K
}
Event: 14.719 GC heap after
{Heap after GC invocations=17 (full 0):
 garbage-first heap   total 55296K, used 29412K [0x0000000744400000, 0x0000000800000000)
  region size 2048K, 2 young (4096K), 2 survivors (4096K)
 Metaspace       used 59649K, committed 60096K, reserved 1114112K
  class space    used 7791K, committed 8000K, reserved 1048576K
}
Event: 15.284 GC heap before
{Heap before GC invocations=18 (full 0):
 garbage-first heap   total 59392K, used 43748K [0x0000000744400000, 0x0000000800000000)
  region size 2048K, 9 young (18432K), 2 survivors (4096K)
 Metaspace       used 61181K, committed 61632K, reserved 1114112K
  class space    used 8041K, committed 8256K, reserved 1048576K
}
Event: 15.290 GC heap after
{Heap after GC invocations=19 (full 0):
 garbage-first heap   total 59392K, used 31261K [0x0000000744400000, 0x0000000800000000)
  region size 2048K, 2 young (4096K), 2 survivors (4096K)
 Metaspace       used 61181K, committed 61632K, reserved 1114112K
  class space    used 8041K, committed 8256K, reserved 1048576K
}
Event: 16.995 GC heap before
{Heap before GC invocations=19 (full 0):
 garbage-first heap   total 59392K, used 47645K [0x0000000744400000, 0x0000000800000000)
  region size 2048K, 11 young (22528K), 2 survivors (4096K)
 Metaspace       used 64689K, committed 65280K, reserved 1114112K
  class space    used 8416K, committed 8704K, reserved 1048576K
}
Event: 17.005 GC heap after
{Heap after GC invocations=20 (full 0):
 garbage-first heap   total 59392K, used 31676K [0x0000000744400000, 0x0000000800000000)
  region size 2048K, 2 young (4096K), 2 survivors (4096K)
 Metaspace       used 64689K, committed 65280K, reserved 1114112K
  class space    used 8416K, committed 8704K, reserved 1048576K
}

Dll operation events (14 events):
Event: 0.015 Loaded shared library C:\Users\DELL\.jdks\openjdk-20.0.1\bin\java.dll
Event: 0.027 Loaded shared library C:\Users\DELL\.jdks\openjdk-20.0.1\bin\jsvml.dll
Event: 0.158 Loaded shared library C:\Users\DELL\.jdks\openjdk-20.0.1\bin\zip.dll
Event: 0.161 Loaded shared library C:\Users\DELL\.jdks\openjdk-20.0.1\bin\instrument.dll
Event: 0.167 Loaded shared library C:\Users\DELL\.jdks\openjdk-20.0.1\bin\net.dll
Event: 0.168 Loaded shared library C:\Users\DELL\.jdks\openjdk-20.0.1\bin\nio.dll
Event: 0.177 Loaded shared library C:\Users\DELL\.jdks\openjdk-20.0.1\bin\zip.dll
Event: 0.306 Loaded shared library C:\Program Files\JetBrains\IntelliJ IDEA Community Edition 2023.2\bin\breakgen64.dll
Event: 0.317 Loaded shared library C:\Users\DELL\.jdks\openjdk-20.0.1\bin\extnet.dll
Event: 0.349 Loaded shared library C:\Users\DELL\.jdks\openjdk-20.0.1\bin\verify.dll
Event: 0.353 Loaded shared library C:\Users\DELL\.jdks\openjdk-20.0.1\bin\jimage.dll
Event: 1.066 Loaded shared library C:\Users\DELL\.jdks\openjdk-20.0.1\bin\management.dll
Event: 1.068 Loaded shared library C:\Users\DELL\.jdks\openjdk-20.0.1\bin\management_ext.dll
Event: 6.951 Loaded shared library C:\Users\DELL\.jdks\openjdk-20.0.1\bin\sunmscapi.dll

Deoptimization events (20 events):
Event: 15.634 Thread 0x000001a7d6333a10 DEOPT PACKING pc=0x000001a7c06cf9e0 sp=0x000000013d7f7e30
Event: 15.634 Thread 0x000001a7d6333a10 DEOPT UNPACKING pc=0x000001a7c013d2a2 sp=0x000000013d7f7de0 mode 2
Event: 15.635 Thread 0x000001a7d6333a10 Uncommon trap: trap_request=0xffffff45 fr.pc=0x000001a7c0919650 relative=0x0000000000005a70
Event: 15.635 Thread 0x000001a7d6333a10 Uncommon trap: reason=unstable_if action=reinterpret pc=0x000001a7c0919650 method=jdk.internal.org.objectweb.asm.Frame.setInputFrameFromDescriptor(Ljdk/internal/org/objectweb/asm/SymbolTable;ILjava/lang/String;I)V @ 131 c2
Event: 15.635 Thread 0x000001a7d6333a10 DEOPT PACKING pc=0x000001a7c0919650 sp=0x000000013d7f7f20
Event: 15.635 Thread 0x000001a7d6333a10 DEOPT UNPACKING pc=0x000001a7c013d2a2 sp=0x000000013d7f7e58 mode 2
Event: 17.188 Thread 0x000001a7d6333a10 DEOPT PACKING pc=0x000001a7b9a03ef3 sp=0x000000013d7f84f0
Event: 17.188 Thread 0x000001a7d6333a10 DEOPT UNPACKING pc=0x000001a7c018e462 sp=0x000000013d7f7988 mode 0
Event: 17.364 Thread 0x000001a7d63359f0 DEOPT PACKING pc=0x000001a7b9a30075 sp=0x000000013daf87d0
Event: 17.364 Thread 0x000001a7d63359f0 DEOPT UNPACKING pc=0x000001a7c018e462 sp=0x000000013daf7d40 mode 0
Event: 17.536 Thread 0x000001a7d6332f70 DEOPT PACKING pc=0x000001a7b9a30075 sp=0x000000013dcf84f0
Event: 17.536 Thread 0x000001a7d6332f70 DEOPT UNPACKING pc=0x000001a7c018e462 sp=0x000000013dcf7a60 mode 0
Event: 17.596 Thread 0x000001a7d6333a10 DEOPT PACKING pc=0x000001a7b9a30075 sp=0x000000013d7f86b0
Event: 17.596 Thread 0x000001a7d6333a10 DEOPT UNPACKING pc=0x000001a7c018e462 sp=0x000000013d7f7c20 mode 0
Event: 17.778 Thread 0x000001a7d632fa50 DEOPT PACKING pc=0x000001a7b8d4d974 sp=0x000000013dffaf90
Event: 17.778 Thread 0x000001a7d632fa50 DEOPT UNPACKING pc=0x000001a7c018e462 sp=0x000000013dffa430 mode 0
Event: 17.818 Thread 0x000001a7d6333a10 DEOPT PACKING pc=0x000001a7b8d4e125 sp=0x000000013d7faf90
Event: 17.818 Thread 0x000001a7d6333a10 DEOPT UNPACKING pc=0x000001a7c018e462 sp=0x000000013d7fa450 mode 0
Event: 18.485 Thread 0x000001a7d6332a20 DEOPT PACKING pc=0x000001a7b8c4130d sp=0x000000013d9f88b0
Event: 18.485 Thread 0x000001a7d6332a20 DEOPT UNPACKING pc=0x000001a7c018e462 sp=0x000000013d9f7e30 mode 0

Classes loaded (20 events):
Event: 15.415 Loading class sun/nio/cs/ThreadLocalCoders
Event: 15.415 Loading class sun/nio/cs/ThreadLocalCoders done
Event: 15.415 Loading class sun/nio/cs/ThreadLocalCoders$1
Event: 15.416 Loading class sun/nio/cs/ThreadLocalCoders$Cache
Event: 15.416 Loading class sun/nio/cs/ThreadLocalCoders$Cache done
Event: 15.416 Loading class sun/nio/cs/ThreadLocalCoders$1 done
Event: 15.416 Loading class sun/nio/cs/ThreadLocalCoders$2
Event: 15.416 Loading class sun/nio/cs/ThreadLocalCoders$2 done
Event: 15.487 Loading class java/util/concurrent/locks/ReentrantReadWriteLock$Sync$HoldCounter
Event: 15.487 Loading class java/util/concurrent/locks/ReentrantReadWriteLock$Sync$HoldCounter done
Event: 15.515 Loading class java/time/format/DateTimeFormatterBuilder$ZoneTextPrinterParser
Event: 15.516 Loading class java/time/format/DateTimeFormatterBuilder$ZoneTextPrinterParser done
Event: 15.516 Loading class java/time/format/DateTimeFormatterBuilder$ReducedPrinterParser
Event: 15.516 Loading class java/time/format/DateTimeFormatterBuilder$ReducedPrinterParser done
Event: 15.633 Loading class jdk/internal/reflect/MethodHandleBooleanFieldAccessorImpl
Event: 15.633 Loading class jdk/internal/reflect/MethodHandleBooleanFieldAccessorImpl done
Event: 15.634 Loading class jdk/internal/reflect/MethodHandleDoubleFieldAccessorImpl
Event: 15.634 Loading class jdk/internal/reflect/MethodHandleDoubleFieldAccessorImpl done
Event: 15.636 Loading class jdk/internal/reflect/MethodHandleLongFieldAccessorImpl
Event: 15.636 Loading class jdk/internal/reflect/MethodHandleLongFieldAccessorImpl done

Classes unloaded (0 events):
No events

Classes redefined (0 events):
No events

Internal exceptions (20 events):
Event: 15.104 Thread 0x000001a7d2fe6320 Exception <a 'java/lang/NoSuchMethodError'{0x00000007473cb8f0}: 'java.lang.Object java.lang.invoke.DirectMethodHandle$Holder.invokeVirtual(java.lang.Object, java.lang.Object, java.lang.Object, java.lang.Object, java.lang.Object, java.lang.Object, java.lang.Object)'> (0x00000007473cb8f0) 
thrown [s\open\src\hotspot\share\interpreter\linkResolver.cpp, line 773]
Event: 15.121 Thread 0x000001a7d2fe6320 Exception <a 'java/lang/NoSuchMethodError'{0x00000007470582a0}: 'java.lang.Object java.lang.invoke.DirectMethodHandle$Holder.invokeVirtual(java.lang.Object, java.lang.Object, java.lang.Object, java.lang.Object, java.lang.Object, java.lang.Object)'> (0x00000007470582a0) 
thrown [s\open\src\hotspot\share\interpreter\linkResolver.cpp, line 773]
Event: 15.155 Thread 0x000001a7d2fe6320 Implicit null exception at 0x000001a7c0807c48 to 0x000001a7c0807e48
Event: 15.221 Thread 0x000001a7d2fe6320 Exception <a 'java/net/BindException'{0x0000000746cdeaa8}: Address already in use: bind> (0x0000000746cdeaa8) 
thrown [s\open\src\hotspot\share\prims\jni.cpp, line 538]
Event: 15.249 Thread 0x000001a7d2fe6320 Exception <a 'java/lang/NoSuchMethodError'{0x0000000746dad3c0}: 'java.lang.Object java.lang.invoke.DirectMethodHandle$Holder.invokeSpecial(java.lang.Object, java.lang.Object, int, java.lang.Object, int, java.lang.Object)'> (0x0000000746dad3c0) 
thrown [s\open\src\hotspot\share\interpreter\linkResolver.cpp, line 773]
Event: 15.249 Thread 0x000001a7d2fe6320 Exception <a 'java/lang/NoSuchMethodError'{0x0000000746db4ed0}: 'java.lang.Object java.lang.invoke.DirectMethodHandle$Holder.newInvokeSpecial(java.lang.Object, java.lang.Object, int, java.lang.Object, int)'> (0x0000000746db4ed0) 
thrown [s\open\src\hotspot\share\interpreter\linkResolver.cpp, line 773]
Event: 15.250 Thread 0x000001a7d2fe6320 Exception <a 'java/lang/NoSuchMethodError'{0x0000000746db8d40}: 'java.lang.Object java.lang.invoke.DirectMethodHandle$Holder.invokeSpecial(java.lang.Object, java.lang.Object, java.lang.Object, int, java.lang.Object, int)'> (0x0000000746db8d40) 
thrown [s\open\src\hotspot\share\interpreter\linkResolver.cpp, line 773]
Event: 15.391 Thread 0x000001a7b0b52d20 Exception <a 'java/lang/NoSuchMethodError'{0x000000074c85a4b8}: 'int java.lang.invoke.DirectMethodHandle$Holder.invokeSpecialIFC(java.lang.Object, java.lang.Object, java.lang.Object)'> (0x000000074c85a4b8) 
thrown [s\open\src\hotspot\share\interpreter\linkResolver.cpp, line 773]
Event: 15.599 Thread 0x000001a7d6333a10 Exception <a 'java/lang/NoSuchMethodError'{0x000000074c39efb0}: 'java.lang.Object java.lang.invoke.DirectMethodHandle$Holder.invokeInterface(java.lang.Object, java.lang.Object, java.lang.Object, java.lang.Object, java.lang.Object)'> (0x000000074c39efb0) 
thrown [s\open\src\hotspot\share\interpreter\linkResolver.cpp, line 773]
Event: 15.631 Thread 0x000001a7d63324d0 Exception <a 'java/lang/NoSuchMethodError'{0x000000074c353488}: 'java.lang.Object java.lang.invoke.DirectMethodHandle$Holder.invokeStaticInit(java.lang.Object, java.lang.Object, java.lang.Object, java.lang.Object, java.lang.Object, java.lang.Object)'> (0x000000074c353488) 
thrown [s\open\src\hotspot\share\interpreter\linkResolver.cpp, line 773]
Event: 15.634 Thread 0x000001a7d6333a10 Exception <a 'java/lang/NoSuchMethodError'{0x0000000747284890}: 'void java.lang.invoke.Invokers$Holder.invokeExact_MT(java.lang.Object, java.lang.Object, int, java.lang.Object)'> (0x0000000747284890) 
thrown [s\open\src\hotspot\share\interpreter\linkResolver.cpp, line 773]
Event: 15.635 Thread 0x000001a7d6333a10 Exception <a 'java/lang/NoSuchMethodError'{0x00000007472a63c0}: 'double java.lang.invoke.DelegatingMethodHandle$Holder.reinvoke_L(java.lang.Object, java.lang.Object)'> (0x00000007472a63c0) 
thrown [s\open\src\hotspot\share\interpreter\linkResolver.cpp, line 773]
Event: 15.636 Thread 0x000001a7d6333a10 Exception <a 'java/lang/NoSuchMethodError'{0x00000007472b10b8}: 'void java.lang.invoke.DelegatingMethodHandle$Holder.reinvoke_L(java.lang.Object, java.lang.Object, double)'> (0x00000007472b10b8) 
thrown [s\open\src\hotspot\share\interpreter\linkResolver.cpp, line 773]
Event: 15.637 Thread 0x000001a7d6333a10 Exception <a 'java/lang/NoSuchMethodError'{0x00000007472f4028}: 'void java.lang.invoke.DelegatingMethodHandle$Holder.reinvoke_L(java.lang.Object, java.lang.Object, long)'> (0x00000007472f4028) 
thrown [s\open\src\hotspot\share\interpreter\linkResolver.cpp, line 773]
Event: 15.668 Thread 0x000001a7d6333a10 Exception <a 'java/lang/NoSuchMethodError'{0x00000007473bf798}: 'int java.lang.invoke.Invokers$Holder.invokeExact_MT(java.lang.Object, java.lang.Object, java.lang.Object)'> (0x00000007473bf798) 
thrown [s\open\src\hotspot\share\interpreter\linkResolver.cpp, line 773]
Event: 15.668 Thread 0x000001a7d63324d0 Exception <a 'java/lang/NoSuchMethodError'{0x00000007473ffba0}: 'int java.lang.invoke.Invokers$Holder.invokeExact_MT(java.lang.Object, java.lang.Object, java.lang.Object)'> (0x00000007473ffba0) 
thrown [s\open\src\hotspot\share\interpreter\linkResolver.cpp, line 773]
Event: 15.669 Thread 0x000001a7d6333a10 Exception <a 'java/lang/NoSuchMethodError'{0x00000007473c3618}: 'double java.lang.invoke.Invokers$Holder.invokeExact_MT(java.lang.Object, java.lang.Object, java.lang.Object)'> (0x00000007473c3618) 
thrown [s\open\src\hotspot\share\interpreter\linkResolver.cpp, line 773]
Event: 15.669 Thread 0x000001a7d63324d0 Exception <a 'java/lang/NoSuchMethodError'{0x00000007470107f0}: 'double java.lang.invoke.Invokers$Holder.invokeExact_MT(java.lang.Object, java.lang.Object, java.lang.Object)'> (0x00000007470107f0) 
thrown [s\open\src\hotspot\share\interpreter\linkResolver.cpp, line 773]
Event: 15.669 Thread 0x000001a7d63324d0 Exception <a 'java/lang/NoSuchMethodError'{0x0000000747014660}: 'long java.lang.invoke.Invokers$Holder.invokeExact_MT(java.lang.Object, java.lang.Object, java.lang.Object)'> (0x0000000747014660) 
thrown [s\open\src\hotspot\share\interpreter\linkResolver.cpp, line 773]
Event: 15.669 Thread 0x000001a7d6333a10 Exception <a 'java/lang/NoSuchMethodError'{0x00000007470256b8}: 'long java.lang.invoke.Invokers$Holder.invokeExact_MT(java.lang.Object, java.lang.Object, java.lang.Object)'> (0x00000007470256b8) 
thrown [s\open\src\hotspot\share\interpreter\linkResolver.cpp, line 773]

VM Operations (20 events):
Event: 15.261 Executing VM operation: G1CollectForAllocation
Event: 15.298 Executing VM operation: G1CollectForAllocation done
Event: 15.343 Executing VM operation: HandshakeAllThreads
Event: 15.377 Executing VM operation: HandshakeAllThreads done
Event: 15.448 Executing VM operation: HandshakeAllThreads
Event: 15.448 Executing VM operation: HandshakeAllThreads done
Event: 15.481 Executing VM operation: HandshakeAllThreads
Event: 15.481 Executing VM operation: HandshakeAllThreads done
Event: 15.552 Executing VM operation: HandshakeAllThreads
Event: 15.552 Executing VM operation: HandshakeAllThreads done
Event: 15.698 Executing VM operation: HandshakeAllThreads
Event: 15.699 Executing VM operation: HandshakeAllThreads done
Event: 15.944 Executing VM operation: ICBufferFull
Event: 15.945 Executing VM operation: ICBufferFull done
Event: 16.704 Executing VM operation: ICBufferFull
Event: 16.704 Executing VM operation: ICBufferFull done
Event: 16.995 Executing VM operation: G1CollectForAllocation
Event: 17.007 Executing VM operation: G1CollectForAllocation done
Event: 18.023 Executing VM operation: Cleanup
Event: 18.023 Executing VM operation: Cleanup done

Events (20 events):
Event: 14.784 Thread 0x000001a7ce1148e0 flushing nmethod 0x000001a7c06c0a10
Event: 15.214 Thread 0x000001a7d34e19e0 Thread added: 0x000001a7d34e19e0
Event: 15.260 Thread 0x000001a7d63324d0 Thread added: 0x000001a7d63324d0
Event: 15.260 Thread 0x000001a7d6333a10 Thread added: 0x000001a7d6333a10
Event: 15.260 Thread 0x000001a7d63354a0 Thread added: 0x000001a7d63354a0
Event: 15.260 Thread 0x000001a7d6332a20 Thread added: 0x000001a7d6332a20
Event: 15.260 Thread 0x000001a7d63359f0 Thread added: 0x000001a7d63359f0
Event: 15.260 Thread 0x000001a7d63334c0 Thread added: 0x000001a7d63334c0
Event: 15.260 Thread 0x000001a7d6332f70 Thread added: 0x000001a7d6332f70
Event: 15.261 Thread 0x000001a7d6333f60 Thread added: 0x000001a7d6333f60
Event: 15.261 Thread 0x000001a7d632dfc0 Thread added: 0x000001a7d632dfc0
Event: 15.261 Thread 0x000001a7d632fa50 Thread added: 0x000001a7d632fa50
Event: 15.325 Thread 0x000001a7d632ea60 Thread added: 0x000001a7d632ea60
Event: 15.327 Thread 0x000001a7d63344b0 Thread added: 0x000001a7d63344b0
Event: 15.384 Thread 0x000001a7d2fe6320 Thread exited: 0x000001a7d2fe6320
Event: 15.388 Thread 0x000001a7d2fe7880 Thread exited: 0x000001a7d2fe7880
Event: 15.392 Thread 0x000001a7b0b52d20 Thread exited: 0x000001a7b0b52d20
Event: 15.392 Thread 0x000001a7d6334a00 Thread added: 0x000001a7d6334a00
Event: 15.409 Thread 0x000001a7d34dff50 Thread exited: 0x000001a7d34dff50
Event: 15.978 Thread 0x000001a7d63314e0 Thread added: 0x000001a7d63314e0


Dynamic libraries:
0x00007ff60fc10000 - 0x00007ff60fc1e000 	C:\Users\DELL\.jdks\openjdk-20.0.1\bin\java.exe
0x00007ffe0a950000 - 0x00007ffe0ab66000 	C:\WINDOWS\SYSTEM32\ntdll.dll
0x00007ffe09980000 - 0x00007ffe09a44000 	C:\WINDOWS\System32\KERNEL32.DLL
0x00007ffe081f0000 - 0x00007ffe08597000 	C:\WINDOWS\System32\KERNELBASE.dll
0x00007ffe004d0000 - 0x00007ffe004e7000 	C:\Users\DELL\.jdks\openjdk-20.0.1\bin\jli.dll
0x00007ffe08030000 - 0x00007ffe08141000 	C:\WINDOWS\System32\ucrtbase.dll
0x00007ffdf3c10000 - 0x00007ffdf3ea3000 	C:\WINDOWS\WinSxS\amd64_microsoft.windows.common-controls_6595b64144ccf1df_6.0.22621.3235_none_270f74e173860f98\COMCTL32.dll
0x00007ffe09e90000 - 0x00007ffe09f37000 	C:\WINDOWS\System32\msvcrt.dll
0x00007ffe09c90000 - 0x00007ffe09e3e000 	C:\WINDOWS\System32\USER32.dll
0x00007ffe004b0000 - 0x00007ffe004cb000 	C:\Users\DELL\.jdks\openjdk-20.0.1\bin\VCRUNTIME140.dll
0x00007ffe0a8b0000 - 0x00007ffe0a8d9000 	C:\WINDOWS\System32\GDI32.dll
0x00007ffe08620000 - 0x00007ffe08646000 	C:\WINDOWS\System32\win32u.dll
0x00007ffe07ee0000 - 0x00007ffe07ff9000 	C:\WINDOWS\System32\gdi32full.dll
0x00007ffe08150000 - 0x00007ffe081ea000 	C:\WINDOWS\System32\msvcp_win.dll
0x00007ffe09e50000 - 0x00007ffe09e81000 	C:\WINDOWS\System32\IMM32.DLL
0x00007ffe00970000 - 0x00007ffe0097c000 	C:\Users\DELL\.jdks\openjdk-20.0.1\bin\vcruntime140_1.dll
0x00007ffe00420000 - 0x00007ffe004ae000 	C:\Users\DELL\.jdks\openjdk-20.0.1\bin\msvcp140.dll
0x00007ffd80a80000 - 0x00007ffd81717000 	C:\Users\DELL\.jdks\openjdk-20.0.1\bin\server\jvm.dll
0x00007ffe08ee0000 - 0x00007ffe08f92000 	C:\WINDOWS\System32\ADVAPI32.dll
0x00007ffe09b60000 - 0x00007ffe09c08000 	C:\WINDOWS\System32\sechost.dll
0x00007ffe08000000 - 0x00007ffe08028000 	C:\WINDOWS\System32\bcrypt.dll
0x00007ffe09800000 - 0x00007ffe09915000 	C:\WINDOWS\System32\RPCRT4.dll
0x00007ffdeba20000 - 0x00007ffdeba29000 	C:\WINDOWS\SYSTEM32\WSOCK32.dll
0x00007ffe09c10000 - 0x00007ffe09c81000 	C:\WINDOWS\System32\WS2_32.dll
0x00007ffe000a0000 - 0x00007ffe000d4000 	C:\WINDOWS\SYSTEM32\WINMM.dll
0x00007ffdff0b0000 - 0x00007ffdff0ba000 	C:\WINDOWS\SYSTEM32\VERSION.dll
0x00007ffe06c80000 - 0x00007ffe06c98000 	C:\WINDOWS\SYSTEM32\kernel.appcore.dll
0x00007ffe008d0000 - 0x00007ffe008da000 	C:\Users\DELL\.jdks\openjdk-20.0.1\bin\jimage.dll
0x00007ffe05720000 - 0x00007ffe05953000 	C:\WINDOWS\SYSTEM32\DBGHELP.DLL
0x00007ffe0a440000 - 0x00007ffe0a7c8000 	C:\WINDOWS\System32\combase.dll
0x00007ffe09f40000 - 0x00007ffe0a017000 	C:\WINDOWS\System32\OLEAUT32.dll
0x00007ffdecf50000 - 0x00007ffdecf82000 	C:\WINDOWS\SYSTEM32\dbgcore.DLL
0x00007ffe085a0000 - 0x00007ffe08619000 	C:\WINDOWS\System32\bcryptPrimitives.dll
0x00007ffdffe70000 - 0x00007ffdffe7e000 	C:\Users\DELL\.jdks\openjdk-20.0.1\bin\instrument.dll
0x00007ffdf8890000 - 0x00007ffdf88b6000 	C:\Users\DELL\.jdks\openjdk-20.0.1\bin\java.dll
0x00007ffdf1190000 - 0x00007ffdf1267000 	C:\Users\DELL\.jdks\openjdk-20.0.1\bin\jsvml.dll
0x00007ffe08fa0000 - 0x00007ffe097fc000 	C:\WINDOWS\System32\SHELL32.dll
0x00007ffe05ba0000 - 0x00007ffe06499000 	C:\WINDOWS\SYSTEM32\windows.storage.dll
0x00007ffe05a60000 - 0x00007ffe05b9e000 	C:\WINDOWS\SYSTEM32\wintypes.dll
0x00007ffe0a020000 - 0x00007ffe0a113000 	C:\WINDOWS\System32\SHCORE.dll
0x00007ffe09920000 - 0x00007ffe0997e000 	C:\WINDOWS\System32\shlwapi.dll
0x00007ffe07b70000 - 0x00007ffe07b91000 	C:\WINDOWS\SYSTEM32\profapi.dll
0x00007ffdf87d0000 - 0x00007ffdf87e8000 	C:\Users\DELL\.jdks\openjdk-20.0.1\bin\zip.dll
0x00007ffe00400000 - 0x00007ffe00413000 	C:\Users\DELL\.jdks\openjdk-20.0.1\bin\net.dll
0x00007ffe022a0000 - 0x00007ffe023d6000 	C:\WINDOWS\SYSTEM32\WINHTTP.dll
0x00007ffe070f0000 - 0x00007ffe07159000 	C:\WINDOWS\system32\mswsock.dll
0x00007ffdfc8f0000 - 0x00007ffdfc906000 	C:\Users\DELL\.jdks\openjdk-20.0.1\bin\nio.dll
0x00007ffdfcfb0000 - 0x00007ffdfcfca000 	C:\Program Files\JetBrains\IntelliJ IDEA Community Edition 2023.2\bin\breakgen64.dll
0x00007ffdffdf0000 - 0x00007ffdffdf7000 	C:\Users\DELL\.jdks\openjdk-20.0.1\bin\extnet.dll
0x00007ffdf13a0000 - 0x00007ffdf13b0000 	C:\Users\DELL\.jdks\openjdk-20.0.1\bin\verify.dll
0x00007ffdffe60000 - 0x00007ffdffe6a000 	C:\Users\DELL\.jdks\openjdk-20.0.1\bin\management.dll
0x00007ffdffe50000 - 0x00007ffdffe5b000 	C:\Users\DELL\.jdks\openjdk-20.0.1\bin\management_ext.dll
0x00007ffe09a50000 - 0x00007ffe09a58000 	C:\WINDOWS\System32\PSAPI.DLL
0x00007ffdeb9d0000 - 0x00007ffdeb9e7000 	C:\WINDOWS\system32\napinsp.dll
0x00007ffdeb8d0000 - 0x00007ffdeb8eb000 	C:\WINDOWS\system32\pnrpnsp.dll
0x00007ffe06770000 - 0x00007ffe06869000 	C:\WINDOWS\SYSTEM32\DNSAPI.dll
0x00007ffe06700000 - 0x00007ffe0672d000 	C:\WINDOWS\SYSTEM32\IPHLPAPI.DLL
0x00007ffe09e40000 - 0x00007ffe09e49000 	C:\WINDOWS\System32\NSI.dll
0x00007ffdeb840000 - 0x00007ffdeb851000 	C:\WINDOWS\System32\winrnr.dll
0x00007ffdeb810000 - 0x00007ffdeb825000 	C:\WINDOWS\system32\wshbth.dll
0x00007ffdeb7c0000 - 0x00007ffdeb7e1000 	C:\WINDOWS\system32\nlansp_c.dll
0x0000000054a50000 - 0x0000000054a85000 	C:\Program Files\Bonjour\mdnsNSP.dll
0x00007ffdff0a0000 - 0x00007ffdff0aa000 	C:\Windows\System32\rasadhlp.dll
0x00007ffdff0c0000 - 0x00007ffdff143000 	C:\WINDOWS\System32\fwpuclnt.dll
0x00007ffe07350000 - 0x00007ffe0736b000 	C:\WINDOWS\SYSTEM32\CRYPTSP.dll
0x00007ffe06be0000 - 0x00007ffe06c15000 	C:\WINDOWS\system32\rsaenh.dll
0x00007ffe071f0000 - 0x00007ffe07218000 	C:\WINDOWS\SYSTEM32\USERENV.dll
0x00007ffe07370000 - 0x00007ffe0737c000 	C:\WINDOWS\SYSTEM32\CRYPTBASE.dll
0x00007ffe020e0000 - 0x00007ffe020f9000 	C:\WINDOWS\SYSTEM32\dhcpcsvc6.DLL
0x00007ffe020c0000 - 0x00007ffe020df000 	C:\WINDOWS\SYSTEM32\dhcpcsvc.DLL
0x00007ffdffe40000 - 0x00007ffdffe4e000 	C:\Users\DELL\.jdks\openjdk-20.0.1\bin\sunmscapi.dll
0x00007ffe07c40000 - 0x00007ffe07da7000 	C:\WINDOWS\System32\CRYPT32.dll
0x00007ffe074f0000 - 0x00007ffe0751e000 	C:\WINDOWS\SYSTEM32\ncrypt.dll
0x00007ffe074b0000 - 0x00007ffe074e7000 	C:\WINDOWS\SYSTEM32\NTASN1.dll
0x00007ffddadb0000 - 0x00007ffddadb8000 	C:\WINDOWS\system32\wshunix.dll

dbghelp: loaded successfully - version: 4.0.5 - missing functions: none
symbol engine: initialized successfully - sym options: 0x614 - pdb path: .;C:\Users\DELL\.jdks\openjdk-20.0.1\bin;C:\WINDOWS\SYSTEM32;C:\WINDOWS\WinSxS\amd64_microsoft.windows.common-controls_6595b64144ccf1df_6.0.22621.3235_none_270f74e173860f98;C:\Users\DELL\.jdks\openjdk-20.0.1\bin\server;C:\Program Files\JetBrains\IntelliJ IDEA Community Edition 2023.2\bin;C:\Program Files\Bonjour

VM Arguments:
jvm_args: -javaagent:C:\Program Files\JetBrains\IntelliJ IDEA Community Edition 2023.2\lib\idea_rt.jar=59354:C:\Program Files\JetBrains\IntelliJ IDEA Community Edition 2023.2\bin -Dfile.encoding=windows-1252 -Dsun.stdout.encoding=windows-1252 -Dsun.stderr.encoding=windows-1252 
java_command: com.example.BidBackend.BidBackendApplication
java_class_path (initial): D:\PFE\BidBackend-master\target\classes;D:\dev\soa\outils\Maven\depot_local\junit\junit\4.13.2\junit-4.13.2.jar;D:\dev\soa\outils\Maven\depot_local\org\hamcrest\hamcrest-core\2.2\hamcrest-core-2.2.jar;D:\dev\soa\outils\Maven\depot_local\org\hamcrest\hamcrest\2.2\hamcrest-2.2.jar;D:\dev\soa\outils\Maven\depot_local\org\springframework\boot\spring-boot-starter-data-jdbc\2.7.0\spring-boot-starter-data-jdbc-2.7.0.jar;D:\dev\soa\outils\Maven\depot_local\org\springframework\boot\spring-boot-starter-jdbc\2.7.0\spring-boot-starter-jdbc-2.7.0.jar;D:\dev\soa\outils\Maven\depot_local\com\zaxxer\HikariCP\4.0.3\HikariCP-4.0.3.jar;D:\dev\soa\outils\Maven\depot_local\org\springframework\spring-jdbc\5.3.20\spring-jdbc-5.3.20.jar;D:\dev\soa\outils\Maven\depot_local\org\springframework\data\spring-data-jdbc\2.4.0\spring-data-jdbc-2.4.0.jar;D:\dev\soa\outils\Maven\depot_local\org\springframework\data\spring-data-relational\2.4.0\spring-data-relational-2.4.0.jar;D:\dev\soa\outils\Maven\depot_local\org\springframework\data\spring-data-commons\2.7.0\spring-data-commons-2.7.0.jar;D:\dev\soa\outils\Maven\depot_local\org\springframework\spring-tx\5.3.20\spring-tx-5.3.20.jar;D:\dev\soa\outils\Maven\depot_local\org\slf4j\slf4j-api\1.7.36\slf4j-api-1.7.36.jar;D:\dev\soa\outils\Maven\depot_local\org\springframework\boot\spring-boot-starter-data-jpa\2.7.0\spring-boot-starter-data-jpa-2.7.0.jar;D:\dev\soa\outils\Maven\depot_local\org\springframework\boot\spring-boot-starter-aop\2.7.0\spring-boot-starter-aop-2.7.0.jar;D:\dev\soa\outils\Maven\depot_local\org\aspectj\aspectjweaver\1.9.7\aspectjweaver-1.9.7.jar;D:\dev\soa\outils\Maven\depot_local\jakarta\transaction\jakarta.transaction-api\1.3.3\jakarta.transaction-api-1.3.3.jar;D:\dev\soa\outils\Maven\depot_local\jakarta\persistence\jakarta.persistence-api\2.2.3\jakarta.persistence-api-2.2.3.jar;D:\dev\soa\outils\Maven\depot_local\org\hibernate\hibernate-core\5.6.9.Final\hibernate-core-5.6.9.Final.jar;D:\dev\soa\outils\Maven\depot_local\org\jboss\logging\jboss-logging\3.4.3.Final\jboss-logging-3.4.3.Final.jar;D:\dev\soa\outils\Maven\depot_local\net\bytebuddy\byte-buddy\1.12.10\byte-buddy-1.12.10.jar;D:\dev\soa\outils\Maven\depot_local\antlr\antlr\2.7.7\antlr-2.7.7.jar;D:\dev\soa\outils\Maven\depot_local\org\jboss\jandex\2.4.2.Final\jandex-2.4.2.Final.jar;D:\dev\soa\outils\Maven\depot_local\com\fasterxml\classmate\1.5.1\classmate-1.5.1.jar;D:\dev\soa\outils\Maven\depot_local\org\hibernate\common\hibernate-commons-annotations\5.1.2.Final\hibernate-commons-annotations-5.1.2.Final.jar;D:\dev\soa\outils\Maven\depot_local\org\glassfish\jaxb\jaxb-runtime\2.3.6\jaxb-runtime-2.3.6.jar;D:\dev\soa\outils\Maven\depot_local\jakarta\xml\bind\jakarta.xml.bind-api\2.3.3\jakarta.xml.bind-api-2.3.3.jar;D:\dev\soa\outils\Maven\depot_local\org\glassfish\jaxb\txw2\2.3.6\txw2-2.3.6.jar;D:\dev\soa\outils\Maven\depot_local\com\sun\istack\istack-commons-runtime\3.0.12\istack-commons-runtime-3.0.12.jar;D:\dev\soa\outils\Maven\depot_local\org\springframework\data\spring-data-jpa\2.7.0\spring-data-jpa-2.7.0.jar;D:\dev\soa\outils\Maven\depot_local\org\springframework\spring-orm\5.3.20\spring-orm-5.3.20.jar;D:\dev\soa\outils\Maven\depot_local\org\springframework\spring-aspects\5.3.20\spring-aspects-5.3.20.jar;D:\dev\soa\outils\Maven\depot_local\org\springframework\boot\spring-boot-starter-security\2.7.0\spring-boot-starter-security-2.7.0.jar;D:\dev\soa\outils\Maven\depot_local\org\springframework\boot\spring-boot-starter\2.7.0\spring-boot-starter-2.7.0.jar;D:\dev\soa\outils\Maven\depot_local\org\springframework\boot\spring-boot-starter-logging\2.7.0\spring-boot-starter-logging-2.7.0.jar;D:\dev\soa\outils\Maven\depot_local\ch\qos\logback\logback-classic\1.2.11\logback-classic-1.2.11.jar;D:\dev\soa\outils\Maven\depot_local\ch\qos\logback\logback-core\1.2.11\logback-core-1.2.11.jar;D:\dev\soa\outils\Maven\depot_local\org\apache\logging\log4j\log4j-to-slf4j\2.17.2\log4j-to-slf4j-2.17.2.jar;D:\dev\soa\outils\Maven\depot_local\org\apache\logging\log4j\log4j-api\2.17.2\log4j-api-2.17.2.jar;D:\dev\soa\outils\Maven\depot_local\org\slf4j\jul-to-slf4j\1.7.36\jul-to-slf4j-1.7.36.jar;D:\dev\soa\outils\Maven\depot_local\jakarta\annotation\jakarta.annotation-api\1.3.5\jakarta.annotation-api-1.3.5.jar;D:\dev\soa\outils\Maven\depot_local\org\yaml\snakeyaml\1.30\snakeyaml-1.30.jar;D:\dev\soa\outils\Maven\depot_local\org\springframework\spring-aop\5.3.20\spring-aop-5.3.20.jar;D:\dev\soa\outils\Maven\depot_local\org\springframework\boot\spring-boot-starter-web\2.7.0\spring-boot-starter-web-2.7.0.jar;D:\dev\soa\outils\Maven\depot_local\org\springframework\boot\spring-boot-starter-json\2.7.0\spring-boot-starter-json-2.7.0.jar;D:\dev\soa\outils\Maven\depot_local\com\fasterxml\jackson\datatype\jackson-datatype-jdk8\2.13.3\jackson-datatype-jdk8-2.13.3.jar;D:\dev\soa\outils\Maven\depot_local\com\fasterxml\jackson\datatype\jackson-datatype-jsr310\2.13.3\jackson-datatype-jsr310-2.13.3.jar;D:\dev\soa\outils\Maven\depot_local\com\fasterxml\jackson\module\jackson-module-parameter-names\2.13.3\jackson-module-parameter-names-2.13.3.jar;D:\dev\soa\outils\Maven\depot_local\org\springframework\boot\spring-boot-starter-tomcat\2.7.0\spring-boot-starter-tomcat-2.7.0.jar;D:\dev\soa\outils\Maven\depot_local\org\apache\tomcat\embed\tomcat-embed-core\9.0.63\tomcat-embed-core-9.0.63.jar;D:\dev\soa\outils\Maven\depot_local\org\apache\tomcat\embed\tomcat-embed-websocket\9.0.63\tomcat-embed-websocket-9.0.63.jar;D:\dev\soa\outils\Maven\depot_local\org\springframework\spring-webmvc\5.3.20\spring-webmvc-5.3.20.jar;D:\dev\soa\outils\Maven\depot_local\javax\servlet\javax.servlet-api\4.0.1\javax.servlet-api-4.0.1.jar;D:\dev\soa\outils\Maven\depot_local\mysql\mysql-connector-java\8.0.27\mysql-connector-java-8.0.27.jar;D:\dev\soa\outils\Maven\depot_local\org\springframework\security\spring-security-web\5.7.0\spring-security-web-5.7.0.jar;D:\dev\soa\outils\Maven\depot_local\org\springframework\security\spring-security-core\5.7.1\spring-security-core-5.7.1.jar;D:\dev\soa\outils\Maven\depot_local\org\springframework\spring-core\5.3.20\spring-core-5.3.20.jar;D:\dev\soa\outils\Maven\depot_local\org\springframework\spring-jcl\5.3.20\spring-jcl-5.3.20.jar;D:\dev\soa\outils\Maven\depot_local\org\springframework\spring-beans\5.3.20\spring-beans-5.3.20.jar;D:\dev\soa\outils\Maven\depot_local\org\springframework\spring-context\5.3.20\spring-context-5.3.20.jar;D:\dev\soa\outils\Maven\depot_local\org\springframework\spring-expression\5.3.20\spring-expression-5.3.20.jar;D:\dev\soa\outils\Maven\depot_local\com\fasterxml\jackson\core\jackson-databind\2.13.3\jackson-databind-2.13.3.jar;D:\dev\soa\outils\Maven\depot_local\com\fasterxml\jackson\core\jackson-annotations\2.13.3\jackson-annotations-2.13.3.jar;D:\dev\soa\outils\Maven\depot_local\com\fasterxml\jackson\core\jackson-core\2.13.3\jackson-core-2.13.3.jar;D:\dev\soa\outils\Maven\depot_local\org\springframework\security\spring-security-config\5.7.0\spring-security-config-5.7.0.jar;D:\dev\soa\outils\Maven\depot_local\org\springframework\spring-web\5.3.20\spring-web-5.3.20.jar;D:\dev\soa\outils\Maven\depot_local\org\springframework\boot\spring-boot-devtools\2.7.0\spring-boot-devtools-2.7.0.jar;D:\dev\soa\outils\Maven\depot_local\org\springframework\boot\spring-boot\2.7.0\spring-boot-2.7.0.jar;D:\dev\soa\outils\Maven\depot_local\org\springframework\boot\spring-boot-autoconfigure\2.7.0\spring-boot-autoconfigure-2.7.0.jar;D:\dev\soa\outils\Maven\depot_local\org\springframework\boot\spring-boot-starter-mail\2.7.0\spring-boot-starter-mail-2.7.0.jar;D:\dev\soa\outils\Maven\depot_local\org\springframework\spring-context-support\5.3.20\spring-context-support-5.3.20.jar;D:\dev\soa\outils\Maven\depot_local\com\sun\mail\jakarta.mail\1.6.7\jakarta.mail-1.6.7.jar;D:\dev\soa\outils\Maven\depot_local\com\sun\activation\jakarta.activation\1.2.2\jakarta.activation-1.2.2.jar;D:\dev\soa\outils\Maven\depot_local\org\springframework\security\spring-security-crypto\5.7.1\spring-security-crypto-5.7.1.jar;D:\dev\soa\outils\Maven\depot_local\com\sun\mail\javax.mail\1.6.2\javax.mail-1.6.2.jar;D:\dev\soa\outils\Maven\depot_local\javax\activation\activation\1.1\activation-1.1.jar;D:\dev\soa\outils\Maven\depot_local\org\springframework\boot\spring-boot-starter-validation\2.7.0\spring-boot-starter-validation-2.7.0.jar;D:\dev\soa\outils\Maven\depot_local\org\apache\tomcat\embed\tomcat-embed-el\9.0.63\tomcat-embed-el-9.0.63.jar;D:\dev\soa\outils\Maven\depot_local\org\hibernate\validator\hibernate-validator\6.2.3.Final\hibernate-validator-6.2.3.Final.jar;D:\dev\soa\outils\Maven\depot_local\jakarta\validation\jakarta.validation-api\2.0.2\jakarta.validation-api-2.0.2.jar
Launcher Type: SUN_STANDARD

[Global flags]
     intx CICompilerCount                          = 3                                         {product} {ergonomic}
     uint ConcGCThreads                            = 1                                         {product} {ergonomic}
     uint G1ConcRefinementThreads                  = 4                                         {product} {ergonomic}
   size_t G1HeapRegionSize                         = 2097152                                   {product} {ergonomic}
    uintx GCDrainStackTargetSize                   = 64                                        {product} {ergonomic}
   size_t InitialHeapSize                          = 197132288                                 {product} {ergonomic}
   size_t MarkStackSize                            = 4194304                                   {product} {ergonomic}
   size_t MaxHeapSize                              = 3149922304                                {product} {ergonomic}
   size_t MaxNewSize                               = 1889533952                                {product} {ergonomic}
   size_t MinHeapDeltaBytes                        = 2097152                                   {product} {ergonomic}
   size_t MinHeapSize                              = 8388608                                   {product} {ergonomic}
    uintx NonNMethodCodeHeapSize                   = 5832780                                {pd product} {ergonomic}
    uintx NonProfiledCodeHeapSize                  = 122912730                              {pd product} {ergonomic}
    uintx ProfiledCodeHeapSize                     = 122912730                              {pd product} {ergonomic}
    uintx ReservedCodeCacheSize                    = 251658240                              {pd product} {ergonomic}
     bool SegmentedCodeCache                       = true                                      {product} {ergonomic}
   size_t SoftMaxHeapSize                          = 3149922304                             {manageable} {ergonomic}
     bool UseCompressedClassPointers               = true                           {product lp64_product} {ergonomic}
     bool UseCompressedOops                        = true                           {product lp64_product} {ergonomic}
     bool UseG1GC                                  = true                                      {product} {ergonomic}
     bool UseLargePagesIndividualAllocation        = false                                  {pd product} {ergonomic}

Logging:
Log output configuration:
 #0: stdout all=warning uptime,level,tags foldmultilines=false
 #1: stderr all=off uptime,level,tags foldmultilines=false

Environment Variables:
JAVA_HOME=C:\Program Files\Java\jdk-17
PATH=C:\Program Files\Java\jdk-17\bin;C:\Users\DELL\AppData\Local\Pub\Cache\bin;E:\sqlite\sqlite-tools-win32-x86-3420000;C:\Program Files\Microsoft SQL Server\Client SDK\ODBC\170\Tools\Binn\;C:\Program Files\dotnet\;D:\Servers\wildfly-18.0.1.Final\wildfly-18.0.1.Final\bin;D:\Dev\SOA\outils\Maven\apache-maven-3.9.4\bin;C:\Program Files\Git\cmd;C:\Users\DELL\AppData\Roaming\nvm;C:\Program Files\nodejs;C:\Program Files (x86)\dotnet\;C:\Windows\System32;C:\Users\DELL\AppData\Local\Pub\Cache\bin;C:\Windows\System32\WindowsPowerShell\v1.0\powershell.exe;C:\Users\DELL\AppData\Local\Microsoft\WindowsApps;C:\Windows\System32\attrib.exe;C:\Users\DELL\AppData\Local\Programs\Microsoft VS Code\bin;C:\Program Files (x86)\MongoDB Atlas CLI\;C:\Users\DELL\AppData\Local\Programs\Python\Python311\Scripts;C:\Program Files\Java\jdk1.8.0_05\bin;C:\Program Files\Java\jdk1.8.0_251\bin;C:\Users\DELL\.dotnet\tools;C:\Users\DELL\AppData\Roaming\npm;D:\Servers\wildfly-18.0.1.Final\wildfly-18.0.1.Final\bin;C:\Program Files\JetBrains\IntelliJ IDEA Community Edition 2023.2\bin;;C:\Users\DELL\flutter\bin;D:\flutter\Flutter_SDK\bin;C:\dart-sdk\bin;C:\Users\DELL\AppData\Roaming\nvm;C:\Program Files\nodejs
USERNAME=DELL
OS=Windows_NT
PROCESSOR_IDENTIFIER=Intel64 Family 6 Model 140 Stepping 1, GenuineIntel
TMP=C:\Users\DELL\AppData\Local\Temp
TEMP=C:\Users\DELL\AppData\Local\Temp




---------------  S Y S T E M  ---------------

OS:
 Windows 11 , 64 bit Build 22621 (10.0.22621.3374)
OS uptime: 0 days 2:21 hours

CPU: total 4 (initial active 4) (2 cores per cpu, 2 threads per core) family 6 model 140 stepping 1 microcode 0xb4, cx8, cmov, fxsr, ht, mmx, 3dnowpref, sse, sse2, sse3, ssse3, sse4.1, sse4.2, popcnt, lzcnt, tsc, tscinvbit, avx, avx2, aes, erms, clmul, bmi1, bmi2, adx, avx512f, avx512dq, avx512cd, avx512bw, avx512vl, sha, fma, vzeroupper, avx512_vpopcntdq, avx512_vpclmulqdq, avx512_vaes, avx512_vnni, clflush, clflushopt, clwb, avx512_vbmi2, avx512_vbmi, rdtscp, rdpid, fsrm, gfni, avx512_bitalg, f16c, pku, cet_ibt, cet_ss, avx512_ifma

Memory: 4k page, system-wide physical 12010M (288M free)
TotalPageFile size 41723M (AvailPageFile size 4M)
current process WorkingSet (physical memory assigned to process): 238M, peak: 239M
current process commit charge ("private bytes"): 266M, peak: 322M

vm_info: OpenJDK 64-Bit Server VM (20.0.1+9-29) for windows-amd64 JRE (20.0.1+9-29), built on 2023-03-07T13:56:11Z by "mach5one" with MS VC++ 17.1 (VS2022)

END.
